{"C:\\Users\\djose\\Desktop\\Programacion\\GithubApp\\MyGithubApp\\src\\components\\Header\\Header.tsx": {"path":"C:\\Users\\djose\\Desktop\\Programacion\\GithubApp\\MyGithubApp\\src\\components\\Header\\Header.tsx","statementMap":{"0":{"start":{"line":10,"column":15},"end":{"line":37,"column":1}},"1":{"start":{"line":11,"column":17},"end":{"line":11,"column":56}},"2":{"start":{"line":11,"column":45},"end":{"line":11,"column":55}},"3":{"start":{"line":12,"column":21},"end":{"line":12,"column":34}},"4":{"start":{"line":13,"column":38},"end":{"line":13,"column":50}},"5":{"start":{"line":15,"column":8},"end":{"line":15,"column":28}},"6":{"start":{"line":16,"column":8},"end":{"line":16,"column":34}},"7":{"start":{"line":18,"column":4},"end":{"line":36,"column":5}},"8":{"start":{"line":31,"column":45},"end":{"line":31,"column":63}},"9":{"start":{"line":39,"column":15},"end":{"line":63,"column":2}}},"fnMap":{"0":{"name":"(anonymous_0)","decl":{"start":{"line":10,"column":15},"end":{"line":10,"column":16}},"loc":{"start":{"line":10,"column":40},"end":{"line":37,"column":1}},"line":10},"1":{"name":"(anonymous_1)","decl":{"start":{"line":11,"column":29},"end":{"line":11,"column":30}},"loc":{"start":{"line":11,"column":45},"end":{"line":11,"column":55}},"line":11},"2":{"name":"userSearched","decl":{"start":{"line":14,"column":13},"end":{"line":14,"column":25}},"loc":{"start":{"line":14,"column":31},"end":{"line":17,"column":5}},"line":14},"3":{"name":"(anonymous_3)","decl":{"start":{"line":31,"column":26},"end":{"line":31,"column":27}},"loc":{"start":{"line":31,"column":44},"end":{"line":31,"column":64}},"line":31}},"branchMap":{},"s":{"0":2,"1":5,"2":5,"3":5,"4":5,"5":1,"6":1,"7":5,"8":1,"9":2},"f":{"0":5,"1":5,"2":1,"3":1},"b":{},"_coverageSchema":"1a1c01bbd47fc00a2c39e90264f33305004495a9","hash":"ba9a100aeca9971426e8e642c5bbcde69b8c3d68"}
,"C:\\Users\\djose\\Desktop\\Programacion\\GithubApp\\MyGithubApp\\src\\components\\ListOfUsers\\ListOfUsers.tsx": {"path":"C:\\Users\\djose\\Desktop\\Programacion\\GithubApp\\MyGithubApp\\src\\components\\ListOfUsers\\ListOfUsers.tsx","statementMap":{"0":{"start":{"line":10,"column":13},"end":{"line":47,"column":1}},"1":{"start":{"line":11,"column":22},"end":{"line":11,"column":61}},"2":{"start":{"line":11,"column":50},"end":{"line":11,"column":60}},"3":{"start":{"line":12,"column":20},"end":{"line":12,"column":24}},"4":{"start":{"line":13,"column":4},"end":{"line":15,"column":14}},"5":{"start":{"line":14,"column":8},"end":{"line":14,"column":24}},"6":{"start":{"line":16,"column":4},"end":{"line":46,"column":5}},"7":{"start":{"line":23,"column":28},"end":{"line":34,"column":49}},"8":{"start":{"line":23,"column":89},"end":{"line":23,"column":146}},"9":{"start":{"line":49,"column":15},"end":{"line":108,"column":2}}},"fnMap":{"0":{"name":"(anonymous_0)","decl":{"start":{"line":10,"column":13},"end":{"line":10,"column":14}},"loc":{"start":{"line":10,"column":38},"end":{"line":47,"column":1}},"line":10},"1":{"name":"(anonymous_1)","decl":{"start":{"line":11,"column":34},"end":{"line":11,"column":35}},"loc":{"start":{"line":11,"column":50},"end":{"line":11,"column":60}},"line":11},"2":{"name":"(anonymous_2)","decl":{"start":{"line":13,"column":14},"end":{"line":13,"column":15}},"loc":{"start":{"line":13,"column":20},"end":{"line":15,"column":5}},"line":13},"3":{"name":"(anonymous_3)","decl":{"start":{"line":22,"column":34},"end":{"line":22,"column":35}},"loc":{"start":{"line":23,"column":28},"end":{"line":34,"column":49}},"line":23},"4":{"name":"(anonymous_4)","decl":{"start":{"line":23,"column":83},"end":{"line":23,"column":84}},"loc":{"start":{"line":23,"column":89},"end":{"line":23,"column":146}},"line":23}},"branchMap":{"0":{"loc":{"start":{"line":38,"column":16},"end":{"line":42,"column":17}},"type":"cond-expr","locations":[{"start":{"line":39,"column":20},"end":{"line":39,"column":78}},{"start":{"line":41,"column":20},"end":{"line":41,"column":104}}],"line":38}},"s":{"0":1,"1":2,"2":2,"3":2,"4":2,"5":2,"6":2,"7":4,"8":1,"9":1},"f":{"0":2,"1":2,"2":2,"3":4,"4":1},"b":{"0":[0,2]},"_coverageSchema":"1a1c01bbd47fc00a2c39e90264f33305004495a9","hash":"b8a748b511fd49be4cf4b4ab1c7f4c8018b821b4"}
,"C:\\Users\\djose\\Desktop\\Programacion\\GithubApp\\MyGithubApp\\src\\components\\UserDetail\\UserDetail.tsx": {"path":"C:\\Users\\djose\\Desktop\\Programacion\\GithubApp\\MyGithubApp\\src\\components\\UserDetail\\UserDetail.tsx","statementMap":{"0":{"start":{"line":10,"column":19},"end":{"line":96,"column":6}},"1":{"start":{"line":11,"column":27},"end":{"line":11,"column":71}},"2":{"start":{"line":11,"column":55},"end":{"line":11,"column":70}},"3":{"start":{"line":12,"column":23},"end":{"line":12,"column":63}},"4":{"start":{"line":12,"column":51},"end":{"line":12,"column":62}},"5":{"start":{"line":13,"column":27},"end":{"line":13,"column":39}},"6":{"start":{"line":14,"column":26},"end":{"line":14,"column":37}},"7":{"start":{"line":15,"column":24},"end":{"line":15,"column":35}},"8":{"start":{"line":16,"column":26},"end":{"line":16,"column":37}},"9":{"start":{"line":17,"column":21},"end":{"line":17,"column":34}},"10":{"start":{"line":18,"column":4},"end":{"line":21,"column":10}},"11":{"start":{"line":19,"column":8},"end":{"line":19,"column":58}},"12":{"start":{"line":20,"column":8},"end":{"line":20,"column":50}},"13":{"start":{"line":22,"column":21},"end":{"line":30,"column":5}},"14":{"start":{"line":23,"column":8},"end":{"line":29,"column":9}},"15":{"start":{"line":24,"column":12},"end":{"line":24,"column":24}},"16":{"start":{"line":26,"column":12},"end":{"line":26,"column":30}},"17":{"start":{"line":27,"column":12},"end":{"line":27,"column":31}},"18":{"start":{"line":28,"column":12},"end":{"line":28,"column":28}},"19":{"start":{"line":31,"column":25},"end":{"line":39,"column":5}},"20":{"start":{"line":32,"column":8},"end":{"line":38,"column":9}},"21":{"start":{"line":33,"column":12},"end":{"line":33,"column":24}},"22":{"start":{"line":35,"column":12},"end":{"line":35,"column":30}},"23":{"start":{"line":36,"column":12},"end":{"line":36,"column":29}},"24":{"start":{"line":37,"column":12},"end":{"line":37,"column":26}},"25":{"start":{"line":40,"column":4},"end":{"line":96,"column":5}},"26":{"start":{"line":44,"column":27},"end":{"line":44,"column":65}},"27":{"start":{"line":66,"column":35},"end":{"line":66,"column":49}},"28":{"start":{"line":77,"column":35},"end":{"line":77,"column":45}},"29":{"start":{"line":88,"column":20},"end":{"line":92,"column":27}},"30":{"start":{"line":98,"column":19},"end":{"line":192,"column":6}}},"fnMap":{"0":{"name":"(anonymous_0)","decl":{"start":{"line":10,"column":19},"end":{"line":10,"column":20}},"loc":{"start":{"line":10,"column":49},"end":{"line":96,"column":6}},"line":10},"1":{"name":"(anonymous_1)","decl":{"start":{"line":11,"column":39},"end":{"line":11,"column":40}},"loc":{"start":{"line":11,"column":55},"end":{"line":11,"column":70}},"line":11},"2":{"name":"(anonymous_2)","decl":{"start":{"line":12,"column":35},"end":{"line":12,"column":36}},"loc":{"start":{"line":12,"column":51},"end":{"line":12,"column":62}},"line":12},"3":{"name":"(anonymous_3)","decl":{"start":{"line":18,"column":14},"end":{"line":18,"column":15}},"loc":{"start":{"line":18,"column":20},"end":{"line":21,"column":5}},"line":18},"4":{"name":"(anonymous_4)","decl":{"start":{"line":22,"column":21},"end":{"line":22,"column":22}},"loc":{"start":{"line":22,"column":27},"end":{"line":30,"column":5}},"line":22},"5":{"name":"(anonymous_5)","decl":{"start":{"line":31,"column":25},"end":{"line":31,"column":26}},"loc":{"start":{"line":31,"column":31},"end":{"line":39,"column":5}},"line":31},"6":{"name":"(anonymous_6)","decl":{"start":{"line":44,"column":21},"end":{"line":44,"column":22}},"loc":{"start":{"line":44,"column":27},"end":{"line":44,"column":65}},"line":44},"7":{"name":"(anonymous_7)","decl":{"start":{"line":66,"column":29},"end":{"line":66,"column":30}},"loc":{"start":{"line":66,"column":35},"end":{"line":66,"column":49}},"line":66},"8":{"name":"(anonymous_8)","decl":{"start":{"line":77,"column":29},"end":{"line":77,"column":30}},"loc":{"start":{"line":77,"column":35},"end":{"line":77,"column":45}},"line":77},"9":{"name":"(anonymous_9)","decl":{"start":{"line":87,"column":43},"end":{"line":87,"column":44}},"loc":{"start":{"line":88,"column":20},"end":{"line":92,"column":27}},"line":88}},"branchMap":{"0":{"loc":{"start":{"line":23,"column":8},"end":{"line":29,"column":9}},"type":"if","locations":[{"start":{"line":23,"column":8},"end":{"line":29,"column":9}},{"start":{"line":23,"column":8},"end":{"line":29,"column":9}}],"line":23},"1":{"loc":{"start":{"line":32,"column":8},"end":{"line":38,"column":9}},"type":"if","locations":[{"start":{"line":32,"column":8},"end":{"line":38,"column":9}},{"start":{"line":32,"column":8},"end":{"line":38,"column":9}}],"line":32}},"s":{"0":1,"1":2,"2":2,"3":2,"4":2,"5":2,"6":2,"7":2,"8":2,"9":2,"10":2,"11":2,"12":2,"13":2,"14":0,"15":0,"16":0,"17":0,"18":0,"19":2,"20":0,"21":0,"22":0,"23":0,"24":0,"25":2,"26":1,"27":0,"28":0,"29":2,"30":1},"f":{"0":2,"1":2,"2":2,"3":2,"4":0,"5":0,"6":1,"7":0,"8":0,"9":2},"b":{"0":[0,0],"1":[0,0]},"_coverageSchema":"1a1c01bbd47fc00a2c39e90264f33305004495a9","hash":"2415ddcb76a33a4f3ea72a7a03c2416c678a26f8"}
,"C:\\Users\\djose\\Desktop\\Programacion\\GithubApp\\MyGithubApp\\src\\redux\\actions\\actionCreators.ts": {"path":"C:\\Users\\djose\\Desktop\\Programacion\\GithubApp\\MyGithubApp\\src\\redux\\actions\\actionCreators.ts","statementMap":{"0":{"start":{"line":6,"column":4},"end":{"line":19,"column":5}},"1":{"start":{"line":7,"column":8},"end":{"line":18,"column":9}},"2":{"start":{"line":8,"column":27},"end":{"line":8,"column":74}},"3":{"start":{"line":9,"column":37},"end":{"line":9,"column":90}},"4":{"start":{"line":9,"column":64},"end":{"line":9,"column":89}},"5":{"start":{"line":10,"column":12},"end":{"line":13,"column":14}},"6":{"start":{"line":15,"column":12},"end":{"line":17,"column":14}},"7":{"start":{"line":23,"column":4},"end":{"line":35,"column":5}},"8":{"start":{"line":24,"column":8},"end":{"line":34,"column":9}},"9":{"start":{"line":25,"column":27},"end":{"line":25,"column":47}},"10":{"start":{"line":26,"column":12},"end":{"line":29,"column":14}},"11":{"start":{"line":31,"column":12},"end":{"line":33,"column":14}},"12":{"start":{"line":39,"column":4},"end":{"line":51,"column":5}},"13":{"start":{"line":40,"column":8},"end":{"line":50,"column":9}},"14":{"start":{"line":41,"column":27},"end":{"line":41,"column":47}},"15":{"start":{"line":42,"column":12},"end":{"line":45,"column":14}},"16":{"start":{"line":47,"column":12},"end":{"line":49,"column":14}}},"fnMap":{"0":{"name":"searchUser","decl":{"start":{"line":5,"column":16},"end":{"line":5,"column":26}},"loc":{"start":{"line":5,"column":40},"end":{"line":20,"column":1}},"line":5},"1":{"name":"(anonymous_1)","decl":{"start":{"line":6,"column":11},"end":{"line":6,"column":12}},"loc":{"start":{"line":6,"column":41},"end":{"line":19,"column":5}},"line":6},"2":{"name":"(anonymous_2)","decl":{"start":{"line":9,"column":49},"end":{"line":9,"column":50}},"loc":{"start":{"line":9,"column":64},"end":{"line":9,"column":89}},"line":9},"3":{"name":"getFollowers","decl":{"start":{"line":22,"column":16},"end":{"line":22,"column":28}},"loc":{"start":{"line":22,"column":41},"end":{"line":36,"column":1}},"line":22},"4":{"name":"(anonymous_4)","decl":{"start":{"line":23,"column":11},"end":{"line":23,"column":12}},"loc":{"start":{"line":23,"column":41},"end":{"line":35,"column":5}},"line":23},"5":{"name":"getRepos","decl":{"start":{"line":38,"column":16},"end":{"line":38,"column":24}},"loc":{"start":{"line":38,"column":37},"end":{"line":52,"column":1}},"line":38},"6":{"name":"(anonymous_6)","decl":{"start":{"line":39,"column":11},"end":{"line":39,"column":12}},"loc":{"start":{"line":39,"column":41},"end":{"line":51,"column":5}},"line":39}},"branchMap":{},"s":{"0":2,"1":2,"2":2,"3":1,"4":0,"5":0,"6":2,"7":2,"8":2,"9":2,"10":1,"11":1,"12":2,"13":2,"14":2,"15":1,"16":1},"f":{"0":2,"1":2,"2":0,"3":2,"4":2,"5":2,"6":2},"b":{},"_coverageSchema":"1a1c01bbd47fc00a2c39e90264f33305004495a9","hash":"ae7e5c33834043b95e3fb8c7ab4b528bf22525ac"}
,"C:\\Users\\djose\\Desktop\\Programacion\\GithubApp\\MyGithubApp\\src\\redux\\actions\\actionTypes.ts": {"path":"C:\\Users\\djose\\Desktop\\Programacion\\GithubApp\\MyGithubApp\\src\\redux\\actions\\actionTypes.ts","statementMap":{},"fnMap":{},"branchMap":{},"s":{},"f":{},"b":{},"_coverageSchema":"1a1c01bbd47fc00a2c39e90264f33305004495a9","hash":"e1d465b6faaa4680872011fe56e714034c414f3d"}
,"C:\\Users\\djose\\Desktop\\Programacion\\GithubApp\\MyGithubApp\\src\\redux\\reducers\\followersReducer.ts": {"path":"C:\\Users\\djose\\Desktop\\Programacion\\GithubApp\\MyGithubApp\\src\\redux\\reducers\\followersReducer.ts","statementMap":{"0":{"start":{"line":5,"column":4},"end":{"line":9,"column":5}},"1":{"start":{"line":6,"column":8},"end":{"line":6,"column":26}},"2":{"start":{"line":8,"column":8},"end":{"line":8,"column":24}}},"fnMap":{"0":{"name":"followersReducer","decl":{"start":{"line":4,"column":9},"end":{"line":4,"column":25}},"loc":{"start":{"line":4,"column":59},"end":{"line":10,"column":1}},"line":4}},"branchMap":{"0":{"loc":{"start":{"line":4,"column":26},"end":{"line":4,"column":45}},"type":"default-arg","locations":[{"start":{"line":4,"column":43},"end":{"line":4,"column":45}}],"line":4},"1":{"loc":{"start":{"line":5,"column":4},"end":{"line":9,"column":5}},"type":"if","locations":[{"start":{"line":5,"column":4},"end":{"line":9,"column":5}},{"start":{"line":5,"column":4},"end":{"line":9,"column":5}}],"line":5}},"s":{"0":2,"1":1,"2":1},"f":{"0":2},"b":{"0":[0],"1":[1,1]},"_coverageSchema":"1a1c01bbd47fc00a2c39e90264f33305004495a9","hash":"4c043fd2dfb44c2145e8a449e51103ce5703c7cd"}
,"C:\\Users\\djose\\Desktop\\Programacion\\GithubApp\\MyGithubApp\\src\\redux\\reducers\\reposReducer.ts": {"path":"C:\\Users\\djose\\Desktop\\Programacion\\GithubApp\\MyGithubApp\\src\\redux\\reducers\\reposReducer.ts","statementMap":{"0":{"start":{"line":5,"column":4},"end":{"line":9,"column":5}},"1":{"start":{"line":6,"column":8},"end":{"line":6,"column":26}},"2":{"start":{"line":8,"column":8},"end":{"line":8,"column":20}}},"fnMap":{"0":{"name":"reposReducer","decl":{"start":{"line":4,"column":9},"end":{"line":4,"column":21}},"loc":{"start":{"line":4,"column":51},"end":{"line":10,"column":1}},"line":4}},"branchMap":{"0":{"loc":{"start":{"line":4,"column":22},"end":{"line":4,"column":37}},"type":"default-arg","locations":[{"start":{"line":4,"column":35},"end":{"line":4,"column":37}}],"line":4},"1":{"loc":{"start":{"line":5,"column":4},"end":{"line":9,"column":5}},"type":"if","locations":[{"start":{"line":5,"column":4},"end":{"line":9,"column":5}},{"start":{"line":5,"column":4},"end":{"line":9,"column":5}}],"line":5}},"s":{"0":2,"1":1,"2":1},"f":{"0":2},"b":{"0":[0],"1":[1,1]},"_coverageSchema":"1a1c01bbd47fc00a2c39e90264f33305004495a9","hash":"b908db27d4960d478a847de0edbe56b24ec10196"}
,"C:\\Users\\djose\\Desktop\\Programacion\\GithubApp\\MyGithubApp\\src\\redux\\reducers\\userReducer.ts": {"path":"C:\\Users\\djose\\Desktop\\Programacion\\GithubApp\\MyGithubApp\\src\\redux\\reducers\\userReducer.ts","statementMap":{"0":{"start":{"line":5,"column":4},"end":{"line":9,"column":5}},"1":{"start":{"line":6,"column":8},"end":{"line":6,"column":26}},"2":{"start":{"line":8,"column":8},"end":{"line":8,"column":19}}},"fnMap":{"0":{"name":"userReducer","decl":{"start":{"line":4,"column":9},"end":{"line":4,"column":20}},"loc":{"start":{"line":4,"column":49},"end":{"line":10,"column":1}},"line":4}},"branchMap":{"0":{"loc":{"start":{"line":4,"column":21},"end":{"line":4,"column":35}},"type":"default-arg","locations":[{"start":{"line":4,"column":33},"end":{"line":4,"column":35}}],"line":4},"1":{"loc":{"start":{"line":5,"column":4},"end":{"line":9,"column":5}},"type":"if","locations":[{"start":{"line":5,"column":4},"end":{"line":9,"column":5}},{"start":{"line":5,"column":4},"end":{"line":9,"column":5}}],"line":5}},"s":{"0":2,"1":1,"2":1},"f":{"0":2},"b":{"0":[0],"1":[1,1]},"_coverageSchema":"1a1c01bbd47fc00a2c39e90264f33305004495a9","hash":"3c66fca5309b11883b15c7f081b10cdfafb03e02"}
}
