{"C:\\Users\\djose\\Desktop\\Programacion\\GithubApp\\MyGithubApp\\src\\components\\Header\\Header.tsx": {"path":"C:\\Users\\djose\\Desktop\\Programacion\\GithubApp\\MyGithubApp\\src\\components\\Header\\Header.tsx","statementMap":{"0":{"start":{"line":6,"column":15},"end":{"line":32,"column":1}},"1":{"start":{"line":7,"column":21},"end":{"line":7,"column":34}},"2":{"start":{"line":8,"column":38},"end":{"line":8,"column":50}},"3":{"start":{"line":10,"column":8},"end":{"line":10,"column":28}},"4":{"start":{"line":11,"column":8},"end":{"line":11,"column":34}},"5":{"start":{"line":13,"column":4},"end":{"line":31,"column":5}},"6":{"start":{"line":26,"column":45},"end":{"line":26,"column":63}},"7":{"start":{"line":34,"column":15},"end":{"line":58,"column":2}}},"fnMap":{"0":{"name":"(anonymous_0)","decl":{"start":{"line":6,"column":15},"end":{"line":6,"column":16}},"loc":{"start":{"line":6,"column":21},"end":{"line":32,"column":1}},"line":6},"1":{"name":"userSearched","decl":{"start":{"line":9,"column":13},"end":{"line":9,"column":25}},"loc":{"start":{"line":9,"column":39},"end":{"line":12,"column":5}},"line":9},"2":{"name":"(anonymous_2)","decl":{"start":{"line":26,"column":26},"end":{"line":26,"column":27}},"loc":{"start":{"line":26,"column":44},"end":{"line":26,"column":64}},"line":26}},"branchMap":{},"s":{"0":2,"1":5,"2":5,"3":1,"4":1,"5":5,"6":1,"7":2},"f":{"0":5,"1":1,"2":1},"b":{},"_coverageSchema":"1a1c01bbd47fc00a2c39e90264f33305004495a9","hash":"bdc0fcf8656c0c47472d284c0ae06690b678c5a8"}
,"C:\\Users\\djose\\Desktop\\Programacion\\GithubApp\\MyGithubApp\\src\\components\\ListOfUsers\\ListOfUsers.tsx": {"path":"C:\\Users\\djose\\Desktop\\Programacion\\GithubApp\\MyGithubApp\\src\\components\\ListOfUsers\\ListOfUsers.tsx","statementMap":{"0":{"start":{"line":11,"column":13},"end":{"line":48,"column":1}},"1":{"start":{"line":12,"column":25},"end":{"line":12,"column":64}},"2":{"start":{"line":12,"column":53},"end":{"line":12,"column":63}},"3":{"start":{"line":13,"column":28},"end":{"line":13,"column":32}},"4":{"start":{"line":14,"column":4},"end":{"line":16,"column":14}},"5":{"start":{"line":15,"column":8},"end":{"line":15,"column":24}},"6":{"start":{"line":17,"column":4},"end":{"line":47,"column":5}},"7":{"start":{"line":24,"column":28},"end":{"line":35,"column":49}},"8":{"start":{"line":24,"column":89},"end":{"line":24,"column":146}},"9":{"start":{"line":50,"column":15},"end":{"line":109,"column":2}}},"fnMap":{"0":{"name":"(anonymous_0)","decl":{"start":{"line":11,"column":13},"end":{"line":11,"column":14}},"loc":{"start":{"line":11,"column":38},"end":{"line":48,"column":1}},"line":11},"1":{"name":"(anonymous_1)","decl":{"start":{"line":12,"column":37},"end":{"line":12,"column":38}},"loc":{"start":{"line":12,"column":53},"end":{"line":12,"column":63}},"line":12},"2":{"name":"(anonymous_2)","decl":{"start":{"line":14,"column":14},"end":{"line":14,"column":15}},"loc":{"start":{"line":14,"column":20},"end":{"line":16,"column":5}},"line":14},"3":{"name":"(anonymous_3)","decl":{"start":{"line":23,"column":34},"end":{"line":23,"column":35}},"loc":{"start":{"line":24,"column":28},"end":{"line":35,"column":49}},"line":24},"4":{"name":"(anonymous_4)","decl":{"start":{"line":24,"column":83},"end":{"line":24,"column":84}},"loc":{"start":{"line":24,"column":89},"end":{"line":24,"column":146}},"line":24}},"branchMap":{"0":{"loc":{"start":{"line":39,"column":16},"end":{"line":43,"column":17}},"type":"cond-expr","locations":[{"start":{"line":40,"column":20},"end":{"line":40,"column":78}},{"start":{"line":42,"column":20},"end":{"line":42,"column":104}}],"line":39}},"s":{"0":1,"1":2,"2":2,"3":2,"4":2,"5":2,"6":2,"7":4,"8":1,"9":1},"f":{"0":2,"1":2,"2":2,"3":4,"4":1},"b":{"0":[0,2]},"_coverageSchema":"1a1c01bbd47fc00a2c39e90264f33305004495a9","hash":"2f3cd9a08a883a08defa26d544d63c0cdd6ce770"}
,"C:\\Users\\djose\\Desktop\\Programacion\\GithubApp\\MyGithubApp\\src\\components\\UserDetail\\UserDetail.tsx": {"path":"C:\\Users\\djose\\Desktop\\Programacion\\GithubApp\\MyGithubApp\\src\\components\\UserDetail\\UserDetail.tsx","statementMap":{"0":{"start":{"line":11,"column":19},"end":{"line":99,"column":6}},"1":{"start":{"line":12,"column":30},"end":{"line":12,"column":74}},"2":{"start":{"line":12,"column":58},"end":{"line":12,"column":73}},"3":{"start":{"line":13,"column":23},"end":{"line":13,"column":63}},"4":{"start":{"line":13,"column":51},"end":{"line":13,"column":62}},"5":{"start":{"line":14,"column":27},"end":{"line":14,"column":39}},"6":{"start":{"line":15,"column":26},"end":{"line":15,"column":37}},"7":{"start":{"line":16,"column":24},"end":{"line":16,"column":35}},"8":{"start":{"line":17,"column":26},"end":{"line":17,"column":37}},"9":{"start":{"line":18,"column":21},"end":{"line":18,"column":34}},"10":{"start":{"line":19,"column":4},"end":{"line":22,"column":10}},"11":{"start":{"line":20,"column":8},"end":{"line":20,"column":58}},"12":{"start":{"line":21,"column":8},"end":{"line":21,"column":50}},"13":{"start":{"line":23,"column":21},"end":{"line":31,"column":5}},"14":{"start":{"line":24,"column":8},"end":{"line":30,"column":9}},"15":{"start":{"line":25,"column":12},"end":{"line":25,"column":24}},"16":{"start":{"line":27,"column":12},"end":{"line":27,"column":30}},"17":{"start":{"line":28,"column":12},"end":{"line":28,"column":31}},"18":{"start":{"line":29,"column":12},"end":{"line":29,"column":28}},"19":{"start":{"line":32,"column":25},"end":{"line":40,"column":5}},"20":{"start":{"line":33,"column":8},"end":{"line":39,"column":9}},"21":{"start":{"line":34,"column":12},"end":{"line":34,"column":24}},"22":{"start":{"line":36,"column":12},"end":{"line":36,"column":30}},"23":{"start":{"line":37,"column":12},"end":{"line":37,"column":29}},"24":{"start":{"line":38,"column":12},"end":{"line":38,"column":26}},"25":{"start":{"line":41,"column":4},"end":{"line":99,"column":5}},"26":{"start":{"line":45,"column":27},"end":{"line":45,"column":65}},"27":{"start":{"line":67,"column":35},"end":{"line":67,"column":49}},"28":{"start":{"line":79,"column":35},"end":{"line":79,"column":45}},"29":{"start":{"line":91,"column":20},"end":{"line":95,"column":27}},"30":{"start":{"line":101,"column":19},"end":{"line":195,"column":6}}},"fnMap":{"0":{"name":"(anonymous_0)","decl":{"start":{"line":11,"column":19},"end":{"line":11,"column":20}},"loc":{"start":{"line":11,"column":51},"end":{"line":99,"column":6}},"line":11},"1":{"name":"(anonymous_1)","decl":{"start":{"line":12,"column":42},"end":{"line":12,"column":43}},"loc":{"start":{"line":12,"column":58},"end":{"line":12,"column":73}},"line":12},"2":{"name":"(anonymous_2)","decl":{"start":{"line":13,"column":35},"end":{"line":13,"column":36}},"loc":{"start":{"line":13,"column":51},"end":{"line":13,"column":62}},"line":13},"3":{"name":"(anonymous_3)","decl":{"start":{"line":19,"column":14},"end":{"line":19,"column":15}},"loc":{"start":{"line":19,"column":20},"end":{"line":22,"column":5}},"line":19},"4":{"name":"(anonymous_4)","decl":{"start":{"line":23,"column":21},"end":{"line":23,"column":22}},"loc":{"start":{"line":23,"column":27},"end":{"line":31,"column":5}},"line":23},"5":{"name":"(anonymous_5)","decl":{"start":{"line":32,"column":25},"end":{"line":32,"column":26}},"loc":{"start":{"line":32,"column":31},"end":{"line":40,"column":5}},"line":32},"6":{"name":"(anonymous_6)","decl":{"start":{"line":45,"column":21},"end":{"line":45,"column":22}},"loc":{"start":{"line":45,"column":27},"end":{"line":45,"column":65}},"line":45},"7":{"name":"(anonymous_7)","decl":{"start":{"line":67,"column":29},"end":{"line":67,"column":30}},"loc":{"start":{"line":67,"column":35},"end":{"line":67,"column":49}},"line":67},"8":{"name":"(anonymous_8)","decl":{"start":{"line":79,"column":29},"end":{"line":79,"column":30}},"loc":{"start":{"line":79,"column":35},"end":{"line":79,"column":45}},"line":79},"9":{"name":"(anonymous_9)","decl":{"start":{"line":90,"column":43},"end":{"line":90,"column":44}},"loc":{"start":{"line":91,"column":20},"end":{"line":95,"column":27}},"line":91}},"branchMap":{"0":{"loc":{"start":{"line":24,"column":8},"end":{"line":30,"column":9}},"type":"if","locations":[{"start":{"line":24,"column":8},"end":{"line":30,"column":9}},{"start":{"line":24,"column":8},"end":{"line":30,"column":9}}],"line":24},"1":{"loc":{"start":{"line":33,"column":8},"end":{"line":39,"column":9}},"type":"if","locations":[{"start":{"line":33,"column":8},"end":{"line":39,"column":9}},{"start":{"line":33,"column":8},"end":{"line":39,"column":9}}],"line":33}},"s":{"0":1,"1":4,"2":4,"3":4,"4":4,"5":4,"6":4,"7":4,"8":4,"9":4,"10":4,"11":4,"12":4,"13":4,"14":1,"15":1,"16":0,"17":0,"18":0,"19":4,"20":1,"21":1,"22":0,"23":0,"24":0,"25":4,"26":1,"27":1,"28":1,"29":4,"30":1},"f":{"0":4,"1":4,"2":4,"3":4,"4":1,"5":1,"6":1,"7":1,"8":1,"9":4},"b":{"0":[1,0],"1":[1,0]},"_coverageSchema":"1a1c01bbd47fc00a2c39e90264f33305004495a9","hash":"9bde60bcc0e2f6fb9ca5549158179a748192653a"}
,"C:\\Users\\djose\\Desktop\\Programacion\\GithubApp\\MyGithubApp\\src\\redux\\actions\\actionCreators.ts": {"path":"C:\\Users\\djose\\Desktop\\Programacion\\GithubApp\\MyGithubApp\\src\\redux\\actions\\actionCreators.ts","statementMap":{"0":{"start":{"line":8,"column":4},"end":{"line":21,"column":5}},"1":{"start":{"line":9,"column":8},"end":{"line":20,"column":9}},"2":{"start":{"line":10,"column":27},"end":{"line":10,"column":74}},"3":{"start":{"line":11,"column":37},"end":{"line":11,"column":91}},"4":{"start":{"line":11,"column":65},"end":{"line":11,"column":90}},"5":{"start":{"line":12,"column":12},"end":{"line":15,"column":14}},"6":{"start":{"line":17,"column":12},"end":{"line":19,"column":14}},"7":{"start":{"line":25,"column":4},"end":{"line":37,"column":5}},"8":{"start":{"line":26,"column":8},"end":{"line":36,"column":9}},"9":{"start":{"line":27,"column":27},"end":{"line":27,"column":47}},"10":{"start":{"line":28,"column":12},"end":{"line":31,"column":14}},"11":{"start":{"line":33,"column":12},"end":{"line":35,"column":14}},"12":{"start":{"line":41,"column":4},"end":{"line":53,"column":5}},"13":{"start":{"line":42,"column":8},"end":{"line":52,"column":9}},"14":{"start":{"line":43,"column":27},"end":{"line":43,"column":47}},"15":{"start":{"line":44,"column":12},"end":{"line":47,"column":14}},"16":{"start":{"line":49,"column":12},"end":{"line":51,"column":14}}},"fnMap":{"0":{"name":"searchUser","decl":{"start":{"line":7,"column":16},"end":{"line":7,"column":26}},"loc":{"start":{"line":7,"column":40},"end":{"line":22,"column":1}},"line":7},"1":{"name":"(anonymous_1)","decl":{"start":{"line":8,"column":11},"end":{"line":8,"column":12}},"loc":{"start":{"line":8,"column":41},"end":{"line":21,"column":5}},"line":8},"2":{"name":"(anonymous_2)","decl":{"start":{"line":11,"column":49},"end":{"line":11,"column":50}},"loc":{"start":{"line":11,"column":65},"end":{"line":11,"column":90}},"line":11},"3":{"name":"getFollowers","decl":{"start":{"line":24,"column":16},"end":{"line":24,"column":28}},"loc":{"start":{"line":24,"column":41},"end":{"line":38,"column":1}},"line":24},"4":{"name":"(anonymous_4)","decl":{"start":{"line":25,"column":11},"end":{"line":25,"column":12}},"loc":{"start":{"line":25,"column":41},"end":{"line":37,"column":5}},"line":25},"5":{"name":"getRepos","decl":{"start":{"line":40,"column":16},"end":{"line":40,"column":24}},"loc":{"start":{"line":40,"column":37},"end":{"line":54,"column":1}},"line":40},"6":{"name":"(anonymous_6)","decl":{"start":{"line":41,"column":11},"end":{"line":41,"column":12}},"loc":{"start":{"line":41,"column":41},"end":{"line":53,"column":5}},"line":41}},"branchMap":{},"s":{"0":2,"1":2,"2":2,"3":1,"4":0,"5":0,"6":2,"7":2,"8":2,"9":2,"10":1,"11":1,"12":2,"13":2,"14":2,"15":1,"16":1},"f":{"0":2,"1":2,"2":0,"3":2,"4":2,"5":2,"6":2},"b":{},"_coverageSchema":"1a1c01bbd47fc00a2c39e90264f33305004495a9","hash":"1c861a46a448d40fefff12c09b392770e0ac3f63"}
,"C:\\Users\\djose\\Desktop\\Programacion\\GithubApp\\MyGithubApp\\src\\redux\\actions\\actionTypes.ts": {"path":"C:\\Users\\djose\\Desktop\\Programacion\\GithubApp\\MyGithubApp\\src\\redux\\actions\\actionTypes.ts","statementMap":{},"fnMap":{},"branchMap":{},"s":{},"f":{},"b":{},"_coverageSchema":"1a1c01bbd47fc00a2c39e90264f33305004495a9","hash":"e1d465b6faaa4680872011fe56e714034c414f3d"}
,"C:\\Users\\djose\\Desktop\\Programacion\\GithubApp\\MyGithubApp\\src\\redux\\reducers\\followersReducer.ts": {"path":"C:\\Users\\djose\\Desktop\\Programacion\\GithubApp\\MyGithubApp\\src\\redux\\reducers\\followersReducer.ts","statementMap":{"0":{"start":{"line":5,"column":4},"end":{"line":9,"column":5}},"1":{"start":{"line":6,"column":8},"end":{"line":6,"column":26}},"2":{"start":{"line":8,"column":8},"end":{"line":8,"column":24}}},"fnMap":{"0":{"name":"followersReducer","decl":{"start":{"line":4,"column":9},"end":{"line":4,"column":25}},"loc":{"start":{"line":4,"column":59},"end":{"line":10,"column":1}},"line":4}},"branchMap":{"0":{"loc":{"start":{"line":4,"column":26},"end":{"line":4,"column":45}},"type":"default-arg","locations":[{"start":{"line":4,"column":43},"end":{"line":4,"column":45}}],"line":4},"1":{"loc":{"start":{"line":5,"column":4},"end":{"line":9,"column":5}},"type":"if","locations":[{"start":{"line":5,"column":4},"end":{"line":9,"column":5}},{"start":{"line":5,"column":4},"end":{"line":9,"column":5}}],"line":5}},"s":{"0":2,"1":1,"2":1},"f":{"0":2},"b":{"0":[0],"1":[1,1]},"_coverageSchema":"1a1c01bbd47fc00a2c39e90264f33305004495a9","hash":"4c043fd2dfb44c2145e8a449e51103ce5703c7cd"}
,"C:\\Users\\djose\\Desktop\\Programacion\\GithubApp\\MyGithubApp\\src\\redux\\reducers\\reposReducer.ts": {"path":"C:\\Users\\djose\\Desktop\\Programacion\\GithubApp\\MyGithubApp\\src\\redux\\reducers\\reposReducer.ts","statementMap":{"0":{"start":{"line":5,"column":4},"end":{"line":9,"column":5}},"1":{"start":{"line":6,"column":8},"end":{"line":6,"column":26}},"2":{"start":{"line":8,"column":8},"end":{"line":8,"column":20}}},"fnMap":{"0":{"name":"reposReducer","decl":{"start":{"line":4,"column":9},"end":{"line":4,"column":21}},"loc":{"start":{"line":4,"column":51},"end":{"line":10,"column":1}},"line":4}},"branchMap":{"0":{"loc":{"start":{"line":4,"column":22},"end":{"line":4,"column":37}},"type":"default-arg","locations":[{"start":{"line":4,"column":35},"end":{"line":4,"column":37}}],"line":4},"1":{"loc":{"start":{"line":5,"column":4},"end":{"line":9,"column":5}},"type":"if","locations":[{"start":{"line":5,"column":4},"end":{"line":9,"column":5}},{"start":{"line":5,"column":4},"end":{"line":9,"column":5}}],"line":5}},"s":{"0":2,"1":1,"2":1},"f":{"0":2},"b":{"0":[0],"1":[1,1]},"_coverageSchema":"1a1c01bbd47fc00a2c39e90264f33305004495a9","hash":"b908db27d4960d478a847de0edbe56b24ec10196"}
,"C:\\Users\\djose\\Desktop\\Programacion\\GithubApp\\MyGithubApp\\src\\redux\\reducers\\userReducer.ts": {"path":"C:\\Users\\djose\\Desktop\\Programacion\\GithubApp\\MyGithubApp\\src\\redux\\reducers\\userReducer.ts","statementMap":{"0":{"start":{"line":5,"column":4},"end":{"line":9,"column":5}},"1":{"start":{"line":6,"column":8},"end":{"line":6,"column":26}},"2":{"start":{"line":8,"column":8},"end":{"line":8,"column":19}}},"fnMap":{"0":{"name":"userReducer","decl":{"start":{"line":4,"column":9},"end":{"line":4,"column":20}},"loc":{"start":{"line":4,"column":49},"end":{"line":10,"column":1}},"line":4}},"branchMap":{"0":{"loc":{"start":{"line":4,"column":21},"end":{"line":4,"column":35}},"type":"default-arg","locations":[{"start":{"line":4,"column":33},"end":{"line":4,"column":35}}],"line":4},"1":{"loc":{"start":{"line":5,"column":4},"end":{"line":9,"column":5}},"type":"if","locations":[{"start":{"line":5,"column":4},"end":{"line":9,"column":5}},{"start":{"line":5,"column":4},"end":{"line":9,"column":5}}],"line":5}},"s":{"0":2,"1":1,"2":1},"f":{"0":2},"b":{"0":[0],"1":[1,1]},"_coverageSchema":"1a1c01bbd47fc00a2c39e90264f33305004495a9","hash":"3c66fca5309b11883b15c7f081b10cdfafb03e02"}
}
