TN:
SF:src\components\Header\Header.tsx
FN:6,(anonymous_0)
FN:9,userSearched
FN:26,(anonymous_2)
FNF:3
FNH:3
FNDA:5,(anonymous_0)
FNDA:1,userSearched
FNDA:1,(anonymous_2)
DA:6,2
DA:7,5
DA:8,5
DA:10,1
DA:11,1
DA:13,5
DA:26,1
DA:34,2
LF:8
LH:8
BRF:0
BRH:0
end_of_record
TN:
SF:src\components\ListOfUsers\ListOfUsers.tsx
FN:11,(anonymous_0)
FN:12,(anonymous_1)
FN:14,(anonymous_2)
FN:23,(anonymous_3)
FN:24,(anonymous_4)
FNF:5
FNH:5
FNDA:2,(anonymous_0)
FNDA:2,(anonymous_1)
FNDA:2,(anonymous_2)
FNDA:4,(anonymous_3)
FNDA:1,(anonymous_4)
DA:11,1
DA:12,2
DA:13,2
DA:14,2
DA:15,2
DA:17,2
DA:24,4
DA:50,1
LF:8
LH:8
BRDA:39,0,0,0
BRDA:39,0,1,2
BRF:2
BRH:1
end_of_record
TN:
SF:src\components\UserDetail\UserDetail.tsx
FN:11,(anonymous_0)
FN:12,(anonymous_1)
FN:13,(anonymous_2)
FN:22,(anonymous_3)
FN:26,(anonymous_4)
FN:35,(anonymous_5)
FN:44,(anonymous_6)
FN:53,(anonymous_7)
FN:66,(anonymous_8)
FN:87,(anonymous_9)
FN:99,(anonymous_10)
FN:110,(anonymous_11)
FN:123,(anonymous_12)
FN:135,(anonymous_13)
FN:146,(anonymous_14)
FNF:15
FNH:15
FNDA:6,(anonymous_0)
FNDA:6,(anonymous_1)
FNDA:6,(anonymous_2)
FNDA:6,(anonymous_3)
FNDA:1,(anonymous_4)
FNDA:1,(anonymous_5)
FNDA:1,(anonymous_6)
FNDA:1,(anonymous_7)
FNDA:1,(anonymous_8)
FNDA:1,(anonymous_9)
FNDA:1,(anonymous_10)
FNDA:6,(anonymous_11)
FNDA:1,(anonymous_12)
FNDA:1,(anonymous_13)
FNDA:6,(anonymous_14)
DA:11,1
DA:12,6
DA:13,6
DA:14,6
DA:15,6
DA:16,6
DA:17,6
DA:18,6
DA:19,6
DA:20,6
DA:21,6
DA:22,6
DA:23,6
DA:24,6
DA:26,6
DA:27,1
DA:28,1
DA:30,0
DA:31,0
DA:32,0
DA:35,6
DA:36,1
DA:37,1
DA:39,0
DA:40,0
DA:41,0
DA:44,6
DA:45,1
DA:46,1
DA:48,0
DA:49,0
DA:50,0
DA:53,6
DA:54,1
DA:55,1
DA:57,0
DA:58,0
DA:59,0
DA:62,6
DA:66,1
DA:87,1
DA:99,1
DA:111,6
DA:123,1
DA:135,1
DA:147,6
DA:154,1
LF:47
LH:35
BRDA:27,0,0,1
BRDA:27,0,1,0
BRDA:36,1,0,1
BRDA:36,1,1,0
BRDA:45,2,0,1
BRDA:45,2,1,0
BRDA:54,3,0,1
BRDA:54,3,1,0
BRF:8
BRH:4
end_of_record
TN:
SF:src\redux\actions\actionCreators.ts
FN:7,searchUser
FN:8,(anonymous_1)
FN:11,(anonymous_2)
FN:24,getFollowers
FN:25,(anonymous_4)
FN:40,getRepos
FN:41,(anonymous_6)
FNF:7
FNH:6
FNDA:2,searchUser
FNDA:2,(anonymous_1)
FNDA:0,(anonymous_2)
FNDA:2,getFollowers
FNDA:2,(anonymous_4)
FNDA:2,getRepos
FNDA:2,(anonymous_6)
DA:8,2
DA:9,2
DA:10,2
DA:11,1
DA:12,0
DA:17,2
DA:25,2
DA:26,2
DA:27,2
DA:28,1
DA:33,1
DA:41,2
DA:42,2
DA:43,2
DA:44,1
DA:49,1
LF:16
LH:15
BRF:0
BRH:0
end_of_record
TN:
SF:src\redux\actions\actionTypes.ts
FNF:0
FNH:0
LF:0
LH:0
BRF:0
BRH:0
end_of_record
TN:
SF:src\redux\reducers\followersReducer.ts
FN:6,followersReducer
FNF:1
FNH:1
FNDA:2,followersReducer
DA:7,2
DA:8,1
DA:10,1
LF:3
LH:3
BRDA:6,0,0,0
BRDA:7,1,0,1
BRDA:7,1,1,1
BRF:3
BRH:2
end_of_record
TN:
SF:src\redux\reducers\reposReducer.ts
FN:5,reposReducer
FNF:1
FNH:1
FNDA:2,reposReducer
DA:6,2
DA:7,1
DA:9,1
LF:3
LH:3
BRDA:5,0,0,0
BRDA:6,1,0,1
BRDA:6,1,1,1
BRF:3
BRH:2
end_of_record
TN:
SF:src\redux\reducers\userReducer.ts
FN:6,userReducer
FNF:1
FNH:1
FNDA:2,userReducer
DA:7,2
DA:8,1
DA:10,1
LF:3
LH:3
BRDA:6,0,0,0
BRDA:7,1,0,1
BRDA:7,1,1,1
BRF:3
BRH:2
end_of_record
