TN:
SF:src\components\Header\Header.tsx
FN:6,(anonymous_0)
FN:9,userSearched
FN:26,(anonymous_2)
FNF:3
FNH:3
FNDA:5,(anonymous_0)
FNDA:1,userSearched
FNDA:1,(anonymous_2)
DA:6,2
DA:7,5
DA:8,5
DA:10,1
DA:11,1
DA:13,5
DA:26,1
DA:34,2
LF:8
LH:8
BRF:0
BRH:0
end_of_record
TN:
SF:src\components\ListOfUsers\ListOfUsers.tsx
FN:11,(anonymous_0)
FN:12,(anonymous_1)
FN:14,(anonymous_2)
FN:23,(anonymous_3)
FN:24,(anonymous_4)
FNF:5
FNH:5
FNDA:2,(anonymous_0)
FNDA:2,(anonymous_1)
FNDA:2,(anonymous_2)
FNDA:4,(anonymous_3)
FNDA:1,(anonymous_4)
DA:11,1
DA:12,2
DA:13,2
DA:14,2
DA:15,2
DA:17,2
DA:24,4
DA:50,1
LF:8
LH:8
BRDA:39,0,0,0
BRDA:39,0,1,2
BRF:2
BRH:1
end_of_record
TN:
SF:src\components\UserDetail\UserDetail.tsx
FN:11,(anonymous_0)
FN:12,(anonymous_1)
FN:13,(anonymous_2)
FN:19,(anonymous_3)
FN:23,(anonymous_4)
FN:32,(anonymous_5)
FN:45,(anonymous_6)
FN:67,(anonymous_7)
FN:79,(anonymous_8)
FN:90,(anonymous_9)
FNF:10
FNH:10
FNDA:4,(anonymous_0)
FNDA:4,(anonymous_1)
FNDA:4,(anonymous_2)
FNDA:4,(anonymous_3)
FNDA:1,(anonymous_4)
FNDA:1,(anonymous_5)
FNDA:1,(anonymous_6)
FNDA:1,(anonymous_7)
FNDA:1,(anonymous_8)
FNDA:4,(anonymous_9)
DA:11,1
DA:12,4
DA:13,4
DA:14,4
DA:15,4
DA:16,4
DA:17,4
DA:18,4
DA:19,4
DA:20,4
DA:21,4
DA:23,4
DA:24,1
DA:25,1
DA:27,0
DA:28,0
DA:29,0
DA:32,4
DA:33,1
DA:34,1
DA:36,0
DA:37,0
DA:38,0
DA:41,4
DA:45,1
DA:67,1
DA:79,1
DA:91,4
DA:101,1
LF:29
LH:23
BRDA:24,0,0,1
BRDA:24,0,1,0
BRDA:33,1,0,1
BRDA:33,1,1,0
BRF:4
BRH:2
end_of_record
TN:
SF:src\redux\actions\actionCreators.ts
FN:7,searchUser
FN:8,(anonymous_1)
FN:11,(anonymous_2)
FN:24,getFollowers
FN:25,(anonymous_4)
FN:40,getRepos
FN:41,(anonymous_6)
FNF:7
FNH:6
FNDA:2,searchUser
FNDA:2,(anonymous_1)
FNDA:0,(anonymous_2)
FNDA:2,getFollowers
FNDA:2,(anonymous_4)
FNDA:2,getRepos
FNDA:2,(anonymous_6)
DA:8,2
DA:9,2
DA:10,2
DA:11,1
DA:12,0
DA:17,2
DA:25,2
DA:26,2
DA:27,2
DA:28,1
DA:33,1
DA:41,2
DA:42,2
DA:43,2
DA:44,1
DA:49,1
LF:16
LH:15
BRF:0
BRH:0
end_of_record
TN:
SF:src\redux\actions\actionTypes.ts
FNF:0
FNH:0
LF:0
LH:0
BRF:0
BRH:0
end_of_record
TN:
SF:src\redux\reducers\followersReducer.ts
FN:4,followersReducer
FNF:1
FNH:1
FNDA:2,followersReducer
DA:5,2
DA:6,1
DA:8,1
LF:3
LH:3
BRDA:4,0,0,0
BRDA:5,1,0,1
BRDA:5,1,1,1
BRF:3
BRH:2
end_of_record
TN:
SF:src\redux\reducers\reposReducer.ts
FN:4,reposReducer
FNF:1
FNH:1
FNDA:2,reposReducer
DA:5,2
DA:6,1
DA:8,1
LF:3
LH:3
BRDA:4,0,0,0
BRDA:5,1,0,1
BRDA:5,1,1,1
BRF:3
BRH:2
end_of_record
TN:
SF:src\redux\reducers\userReducer.ts
FN:4,userReducer
FNF:1
FNH:1
FNDA:2,userReducer
DA:5,2
DA:6,1
DA:8,1
LF:3
LH:3
BRDA:4,0,0,0
BRDA:5,1,0,1
BRDA:5,1,1,1
BRF:3
BRH:2
end_of_record
